    1  clear
    2  exit
    3  ssh divijf23@172.20.25.9
    4  exit() q
    5  exit
    6  pwd
    7  git init
    8  ls
    9  pwd
   10  exit
   11  pwd
   12  man passwd
   13  passwd
   14  ls
   15  git clone https://github.com/GuptaDivij/cs131.git
   16  mkdir Worksheet1
   17  history > cnds.log
   18  ls
   19  rm
   20  rm cnds.log
   21  ls
   22  history > cmds.log
   23  ls
   24  git add cmds.log
   25  git commit -m "File added with history of commands"
   26  git push origin main
   27  git push
   28  git push https://github.com/GuptaDivij/cs131.git
   29  pwd
   30  ls
   31  rm cmds.log
   32  ls
   33  cd Worsksheet1
   34  cd Worksheet1
   35  history > cmds.log
   36  rm cmds.log
   37  cd.
   38  cd..
   39  cd ..
   40  ls
   41  pwd
   42  history > cmds.log
   43  git add cmds.log
   44  git commit -m "Added history of commands file to git"
   45  cd cs131
   46  ls
   47  pwd
   48  mkdir Worksheet1
   49  cd ..
   50  rm Worksheet1
   51  ,s
   52  ls
   53  rmdir Worksheet1
   54  ls
   55  cd cs131
   56  ls
   57  history > cmds.log
   58  ls
   59  cd ..
   60  rm cmds.log
   61  ls
   62  cd cs131
   63  ls
   64  git add cmds.log
   65  git commit -m "added file with history of commands"
   66  git push origin main
   67  exit
   68  wget www.github.com
   69  pwd
   70  ls
   71  cd cs131
   72  ls
   73  git add cmds.log
   74  git status
   75  git commit -m "Added"
   76  git config --global user.email "guptadivij02@gmail.com"
   77  git config --global user.name "GuptaDivij"
   78  git status
   79  git commit -m "Added"
   80  ls -al ~/.ssh
   81  ssh-keygen -t ed25519 -C "guptadivij02@gmail.com"
   82  ls
   83  cd ..
   84  ls
   85  cd ..
   86  ls
   87  cd aaronf23/
   88  cd divijf23/
   89  ls
   90  ls -a
   91  cd .ssh
   92  ls
   93  cd ..
   94  ls
   95  eval "$(ssh-agent -s)"
   96  cd .ssh
   97  ls
   98  cd id_ed25519
   99  id_ed25519
  100  rm id_ed25519
  101  ls
  102  rm id_ed25519.pub
  103  ls
  104  cat ~/.ssh/id_rsa.pub
  105  sh-keygen -t ed25519 -C "guptadivij02@gmail.com"
  106  ssh-keygen -t ed25519 -C "guptadivij02@gmail.com"
  107  eval "$(ssh-agent -s)"
  108  open ~/.ssh/config
  109  touch ~/.ssh/config
  110  open ~/.ssh/config
  111  cd ~/.ssh/config
  112  ~/.ssh/config
  113  ssh-add ~/.ssh/id_ed2551
  114  ssh-add ~/.ssh/id_ed25519
  115  pbcopy < ~/.ssh/id_ed25519.pub
  116  ls
  117  cat id_ed25519
  118  nanp ~/.ssh/config
  119  nano ~/.ssh/config
  120  ssh-add ~/.ssh/id_ed25519
  121  pbcopy < ~/.ssh/id_ed25519.pub
  122  ls
  123  cat id_ed25519
  124  pwd
  125  pwd
  126  ls
  127  rmdir -r cs131
  128  rm -r cs131
  129  cd cs131
  130  ls
  131  ls -a
  132  cd ..
  133  rm -r cs131
  134  ls
  135  ls
  136  rm cs131
  137  rmdir cs131
  138  wget www.github.com
  139  ls
  140  mkdir Worksheet1
  141  ls
  142  cd Worksheet1/
  143  history > cmds.log
  144  ls
  145  git init
  146  git add cmds.log
  147  git status
  148  git commit -m "Added the history file"
  149  git config --global user.email "guptadivij02@gmail.com"
  150  git config --global user.name "GuptaDivij"
  151   cd ~/.ssh && ssh-keygen
  152  pwd
  153  ls
  154  rm index.html
  155  ls
  156  clear() exit()
  157  systemctl enable --now cockpit.socket
  158  ls
  159  cd Worksheet1/
  160  git push --set-upstream origin master
  161  git remote add origin git@github.com:GuptaDivij/cs131.git
  162  git commit -m "Everything done"
  163  touch test.txt
  164  git add .
  165  git status
  166  git commit -m "added a file just to test, grader please ignore"
  167  git push --set-upstream origin master
  168  git remote -v
  169  ssh -Tv git@github.com
  170  ls
  171  ls -a
  172  cd ..
  173  ls
  174  ls -a
  175  cd .git
  176  ls
  177  cd config
  178  cat config
  179  cd branches
  180  ls
  181  cd ..
  182  ls
  183  git branch -M main
  184  git status
  185  cd ..
  186  ls
  187  cd divijf23/
  188  ls
  189  cd Worksheet1/
  190  ls
  191  rm test.txt
  192  ls
  193  cat cmds.log
  194  cd ..
  195  ls
  196  rmdir Worksheet1
  197  rm Worksheet1
  198  cd Worksheet1/
  199  ls
  200  rm cmds.log
  201  cd ..
  202  rmdir Worksheet1
  203  rm -r lampp
  204  rm -r Worksheet1
  205  ls
  206  rmdir Worksheet1
  207  rm -r Worksheet1
  208  ls
  209  rm index.html
  210  ls
  211  ls -a
  212  cat .bash_history
  213  mkdir Worksheet1
  214  ls -ltr
  215  cd Worksheet1/
  216  history > cmds.log
